0 info it worked if it ends with ok
1 verbose cli [ '/usr/bin/node', '/usr/bin/npm', 'run', 'dev' ]
2 info using npm@3.5.2
3 info using node@v8.10.0
4 verbose run-script [ 'predev', 'dev', 'postdev' ]
5 info lifecycle login-auth@1.0.0~predev: login-auth@1.0.0
6 silly lifecycle login-auth@1.0.0~predev: no script for predev, continuing
7 info lifecycle login-auth@1.0.0~dev: login-auth@1.0.0
8 verbose lifecycle login-auth@1.0.0~dev: unsafe-perm in lifecycle true
9 verbose lifecycle login-auth@1.0.0~dev: PATH: /usr/share/npm/bin/node-gyp-bin:/mnt/c/Users/TonyJin/kush_dev/login-auth/node_modules/.bin:/usr/local/sbin:/usr/local/bin:/usr/sbin:/usr/bin:/sbin:/bin:/usr/games:/usr/local/games:/mnt/c/Program Files/WindowsApps/CanonicalGroupLimited.UbuntuonWindows_1804.2019.521.0_x64__79rhkp1fndgsc:/mnt/c/Program Files/Common Files/Microsoft Shared/Microsoft Online Services:/mnt/c/Program Files (x86)/Common Files/Microsoft Shared/Microsoft Online Services:/mnt/c/WINDOWS/system32:/mnt/c/WINDOWS:/mnt/c/WINDOWS/System32/Wbem:/mnt/c/WINDOWS/System32/WindowsPowerShell/v1.0/:/mnt/c/WINDOWS/System32/OpenSSH/:/mnt/c/Program Files/Intel/WiFi/bin/:/mnt/c/Program Files/Common Files/Intel/WirelessCommon/:/mnt/c/Program Files (x86)/Intel/Intel(R) Management Engine Components/DAL:/mnt/c/Program Files/Intel/Intel(R) Management Engine Components/DAL:/mnt/c/ProgramData/chocolatey/bin:/mnt/c/Program Files/Git/cmd:/mnt/c/tools/php72:/mnt/c/ProgramData/nvm:/mnt/c/Program Files/nodejs:/mnt/c/Program Files/Microsoft VS Code/bin:/mnt/c/Program Files/nodejs/:/mnt/c/Program Files/Microsoft SQL Server/Client SDK/ODBC/130/Tools/Binn/:/mnt/c/Program Files (x86)/Microsoft SQL Server/140/Tools/Binn/:/mnt/c/Program Files/Microsoft SQL Server/140/Tools/Binn/:/mnt/c/Program Files/Microsoft SQL Server/140/DTS/Binn/:/mnt/c/Program Files (x86)/Microsoft SQL Server/150/DTS/Binn/:/mnt/c/Program Files/PuTTY/:/mnt/c/Program Files/Azure Data Studio/bin:/mnt/c/Users/TonyJin/AppData/Local/Microsoft/WindowsApps:/mnt/c/Users/TonyJin/AppData/Roaming/npm:/snap/bin:/opt/mssql-tools/bin:/opt/mssql-tools/bin
10 verbose lifecycle login-auth@1.0.0~dev: CWD: /mnt/c/Users/TonyJin/kush_dev/login-auth
11 silly lifecycle login-auth@1.0.0~dev: Args: [ '-c', 'next' ]
12 silly lifecycle login-auth@1.0.0~dev: Returned: code: 1  signal: null
13 info lifecycle login-auth@1.0.0~dev: Failed to exec dev script
14 verbose stack Error: login-auth@1.0.0 dev: `next`
14 verbose stack Exit status 1
14 verbose stack     at EventEmitter.<anonymous> (/usr/share/npm/lib/utils/lifecycle.js:232:16)
14 verbose stack     at emitTwo (events.js:126:13)
14 verbose stack     at EventEmitter.emit (events.js:214:7)
14 verbose stack     at ChildProcess.<anonymous> (/usr/share/npm/lib/utils/spawn.js:24:14)
14 verbose stack     at emitTwo (events.js:126:13)
14 verbose stack     at ChildProcess.emit (events.js:214:7)
14 verbose stack     at maybeClose (internal/child_process.js:925:16)
14 verbose stack     at Process.ChildProcess._handle.onexit (internal/child_process.js:209:5)
15 verbose pkgid login-auth@1.0.0
16 verbose cwd /mnt/c/Users/TonyJin/kush_dev/login-auth
17 error Linux 4.4.0-18362-Microsoft
18 error argv "/usr/bin/node" "/usr/bin/npm" "run" "dev"
19 error node v8.10.0
20 error npm  v3.5.2
21 error code ELIFECYCLE
22 error login-auth@1.0.0 dev: `next`
22 error Exit status 1
23 error Failed at the login-auth@1.0.0 dev script 'next'.
23 error Make sure you have the latest version of node.js and npm installed.
23 error If you do, this is most likely a problem with the login-auth package,
23 error not with npm itself.
23 error Tell the author that this fails on your system:
23 error     next
23 error You can get information on how to open an issue for this project with:
23 error     npm bugs login-auth
23 error Or if that isn't available, you can get their info via:
23 error     npm owner ls login-auth
23 error There is likely additional logging output above.
24 verbose exit [ 1, true ]
